<?xml version="1.0" encoding="UTF-8"?>
<!-- Generated by org.testng.reporters.JUnitReportReporter -->
<testsuite hostname="SurajSaini" failures="0" tests="3" name="SeleniumCodeSDET.SDETCode.DataProvider_FillForm" time="7.888" errors="0" timestamp="2024-12-11T01:26:14 PST" skipped="0">
  <testcase classname="SeleniumCodeSDET.SDETCode.DataProvider_FillForm" name="fillform" time="2.054"/>
  <system-out/>
  <testcase classname="SeleniumCodeSDET.SDETCode.DataProvider_FillForm" name="fillform" time="2.692"/>
  <system-out/>
  <testcase classname="SeleniumCodeSDET.SDETCode.DataProvider_FillForm" name="fillform" time="3.142"/>
  <system-out/>
</testsuite> <!-- SeleniumCodeSDET.SDETCode.DataProvider_FillForm -->
