<?xml version="1.0" encoding="UTF-8"?>
<!-- Generated by org.testng.reporters.JUnitReportReporter -->
<testsuite hostname="SurajSaini" failures="0" tests="3" name="SeleniumCodeSDET.SDETCode.DataProvider_FillForm" time="8.700" errors="0" timestamp="2024-12-15T12:24:53 PST" skipped="0">
  <testcase classname="SeleniumCodeSDET.SDETCode.DataProvider_FillForm" name="fillform" time="3.795"/>
  <system-out/>
  <testcase classname="SeleniumCodeSDET.SDETCode.DataProvider_FillForm" name="fillform" time="2.314"/>
  <system-out/>
  <testcase classname="SeleniumCodeSDET.SDETCode.DataProvider_FillForm" name="fillform" time="2.591"/>
  <system-out/>
</testsuite> <!-- SeleniumCodeSDET.SDETCode.DataProvider_FillForm -->
