<?xml version="1.0" encoding="UTF-8"?>
<!-- Generated by org.testng.reporters.JUnitReportReporter -->
<testsuite hostname="SurajSaini" failures="0" tests="2" name="SeleniumCodeSDET.SDETCode.WebDriverWaitCode" time="6.412" errors="0" timestamp="2024-12-15T12:24:53 PST" skipped="0">
  <testcase classname="SeleniumCodeSDET.SDETCode.WebDriverWaitCode" name="timerSimpleAlert" time="6.412"/>
  <system-out/>
  <testcase classname="SeleniumCodeSDET.SDETCode.WebDriverWaitCode" name="table" time="0.000"/>
  <system-out/>
</testsuite> <!-- SeleniumCodeSDET.SDETCode.WebDriverWaitCode -->
