<?xml version="1.0" encoding="UTF-8"?>
<!-- Generated by org.testng.reporters.JUnitReportReporter -->
<testsuite hostname="SurajSaini" failures="0" tests="1" name="SeleniumCodeSDET.SDETCode.JavaScriptExecutorCode" time="3.104" errors="0" timestamp="2024-12-11T01:26:14 PST" skipped="0">
  <testcase classname="SeleniumCodeSDET.SDETCode.JavaScriptExecutorCode" name="confirmAlert" time="3.104"/>
  <system-out/>
</testsuite> <!-- SeleniumCodeSDET.SDETCode.JavaScriptExecutorCode -->
