<?xml version="1.0" encoding="UTF-8"?>
<!-- Generated by org.testng.reporters.JUnitReportReporter -->
<testsuite hostname="SurajSaini" failures="0" tests="1" name="SeleniumCodeSDET.SDETCode.BrokenLink" time="7.199" errors="0" timestamp="2024-12-11T01:26:14 PST" skipped="0">
  <testcase classname="SeleniumCodeSDET.SDETCode.BrokenLink" name="findBrokenLink" time="7.199"/>
  <system-out/>
</testsuite> <!-- SeleniumCodeSDET.SDETCode.BrokenLink -->
