<?xml version="1.0" encoding="UTF-8"?>
<!-- Generated by org.testng.reporters.JUnitReportReporter -->
<testsuite hostname="SurajSaini" failures="0" tests="5" name="SeleniumCodeSDET.SDETCode.HandleAlerts" time="2.025" errors="0" timestamp="2024-12-11T01:26:14 PST" skipped="4">
  <testcase classname="SeleniumCodeSDET.SDETCode.HandleAlerts" name="promptBox" time="2.025"/>
  <system-out/>
  <testcase classname="SeleniumCodeSDET.SDETCode.HandleAlerts" name="simpleAlert">
    <skipped/>
  </testcase> <!-- simpleAlert -->
  <system-out/>
  <testcase classname="SeleniumCodeSDET.SDETCode.HandleAlerts" name="timerSimpleAlert">
    <skipped/>
  </testcase> <!-- timerSimpleAlert -->
  <system-out/>
  <testcase classname="SeleniumCodeSDET.SDETCode.HandleAlerts" name="confirmAlert">
    <skipped/>
  </testcase> <!-- confirmAlert -->
  <system-out/>
  <testcase classname="SeleniumCodeSDET.SDETCode.HandleAlerts" name="handleAlert">
    <skipped/>
  </testcase> <!-- handleAlert -->
  <system-out/>
</testsuite> <!-- SeleniumCodeSDET.SDETCode.HandleAlerts -->
