<?xml version="1.0" encoding="UTF-8"?>
<!-- Generated by org.testng.reporters.JUnitReportReporter -->
<testsuite hostname="SurajSaini" failures="0" tests="1" name="SeleniumCodeSDET.SDETCode.MultipleWindow" time="25.416" errors="0" timestamp="2024-12-15T12:24:53 PST" skipped="0">
  <testcase classname="SeleniumCodeSDET.SDETCode.MultipleWindow" name="handleMultipleWindow" time="25.416"/>
  <system-out/>
</testsuite> <!-- SeleniumCodeSDET.SDETCode.MultipleWindow -->
