<?xml version="1.0" encoding="UTF-8"?>
<!-- Generated by org.testng.reporters.JUnitReportReporter -->
<testsuite hostname="SurajSaini" failures="0" tests="3" name="SeleniumCodeSDET.SDETCode.DataProvider_FillForm" time="12.936" errors="0" timestamp="2024-12-15T23:50:23 PST" skipped="0">
  <testcase classname="SeleniumCodeSDET.SDETCode.DataProvider_FillForm" name="fillform" time="2.133"/>
  <system-out/>
  <testcase classname="SeleniumCodeSDET.SDETCode.DataProvider_FillForm" name="fillform" time="3.032"/>
  <system-out/>
  <testcase classname="SeleniumCodeSDET.SDETCode.DataProvider_FillForm" name="fillform" time="7.771"/>
  <system-out/>
</testsuite> <!-- SeleniumCodeSDET.SDETCode.DataProvider_FillForm -->
