<?xml version="1.0" encoding="UTF-8"?>
<!-- Generated by org.testng.reporters.JUnitReportReporter -->
<testsuite hostname="SurajSaini" failures="0" tests="1" name="SeleniumCodeSDET.SDETCode.BrokenLink" time="5.905" errors="0" timestamp="2024-12-15T23:50:23 PST" skipped="0">
  <testcase classname="SeleniumCodeSDET.SDETCode.BrokenLink" name="findBrokenLink" time="5.905"/>
  <system-out/>
</testsuite> <!-- SeleniumCodeSDET.SDETCode.BrokenLink -->
