<?xml version="1.0" encoding="UTF-8"?>
<!-- Generated by org.testng.reporters.JUnitReportReporter -->
<testsuite hostname="SurajSaini" failures="0" tests="1" name="SeleniumCodeSDET.SDETCode.BrokenLink" time="11.586" errors="0" timestamp="2024-12-02T13:27:34 PST" skipped="0">
  <testcase classname="SeleniumCodeSDET.SDETCode.BrokenLink" name="findBrokenLink" time="11.586"/>
  <system-out/>
</testsuite> <!-- SeleniumCodeSDET.SDETCode.BrokenLink -->
