<?xml version="1.0" encoding="UTF-8"?>
<!-- Generated by org.testng.reporters.JUnitReportReporter -->
<testsuite hostname="SurajSaini" failures="0" tests="2" name="SeleniumCodeSDET.SDETCode.WebDriverWaitCode" time="7.915" errors="0" timestamp="2024-12-15T23:50:23 PST" skipped="0">
  <testcase classname="SeleniumCodeSDET.SDETCode.WebDriverWaitCode" name="table" time="0.008"/>
  <system-out/>
  <testcase classname="SeleniumCodeSDET.SDETCode.WebDriverWaitCode" name="timerSimpleAlert" time="7.907"/>
  <system-out/>
</testsuite> <!-- SeleniumCodeSDET.SDETCode.WebDriverWaitCode -->
